# JRE version: Java(TM) SE Runtime Environment (8.0_202-b08) (build 1.8.0_202-b08)
# Java VM: Java HotSpot(TM) 64-Bit Server VM (25.202-b08 mixed mode windows-amd64 compressed oops)
Heap:
 PSYoungGen      total 260608K, used 98270K [0x00000000e0000000, 0x00000000f0e00000, 0x0000000100000000)
  eden space 246784K, 39% used [0x00000000e0000000,0x00000000e5f2fb38,0x00000000ef100000)
  from space 13824K, 5% used [0x00000000f0080000,0x00000000f0148010,0x00000000f0e00000)
  to   space 14848K, 0% used [0x00000000ef100000,0x00000000ef100000,0x00000000eff80000)
 ParOldGen       total 138240K, used 27269K [0x00000000a0000000, 0x00000000a8700000, 0x00000000e0000000)
  object space 138240K, 19% used [0x00000000a0000000,0x00000000a1aa1410,0x00000000a8700000)
 Metaspace       used 39656K, capacity 41482K, committed 41728K, reserved 1085440K
  class space    used 5659K, capacity 6040K, committed 6144K, reserved 1048576K
GC Heap History (10 events):
Event: 6.223 GC heap before
{Heap before GC invocations=16 (full 2):
 PSYoungGen      total 219136K, used 204621K [0x00000000e0000000, 0x00000000efb80000, 0x0000000100000000)
  eden space 203776K, 100% used [0x00000000e0000000,0x00000000ec700000,0x00000000ec700000)
  from space 15360K, 5% used [0x00000000ec700000,0x00000000ec7d37e0,0x00000000ed600000)
  to   space 14848K, 0% used [0x00000000ed600000,0x00000000ed600000,0x00000000ee480000)
 ParOldGen       total 138240K, used 19148K [0x00000000a0000000, 0x00000000a8700000, 0x00000000e0000000)
  object space 138240K, 13% used [0x00000000a0000000,0x00000000a12b33f0,0x00000000a8700000)
 Metaspace       used 39647K, capacity 41482K, committed 41728K, reserved 1085440K
  class space    used 5659K, capacity 6040K, committed 6144K, reserved 1048576K
Event: 6.227 GC heap after
Heap after GC invocations=16 (full 2):
 PSYoungGen      total 218624K, used 6624K [0x00000000e0000000, 0x00000000efb80000, 0x0000000100000000)
  eden space 203776K, 0% used [0x00000000e0000000,0x00000000e0000000,0x00000000ec700000)
  from space 14848K, 44% used [0x00000000ed600000,0x00000000edc78020,0x00000000ee480000)
  to   space 15360K, 0% used [0x00000000ec700000,0x00000000ec700000,0x00000000ed600000)
 ParOldGen       total 138240K, used 19676K [0x00000000a0000000, 0x00000000a8700000, 0x00000000e0000000)
  object space 138240K, 14% used [0x00000000a0000000,0x00000000a13373f0,0x00000000a8700000)
 Metaspace       used 39647K, capacity 41482K, committed 41728K, reserved 1085440K
  class space    used 5659K, capacity 6040K, committed 6144K, reserved 1048576K
}
Event: 6.366 GC heap before
{Heap before GC invocations=17 (full 2):
 PSYoungGen      total 218624K, used 210400K [0x00000000e0000000, 0x00000000efb80000, 0x0000000100000000)
  eden space 203776K, 100% used [0x00000000e0000000,0x00000000ec700000,0x00000000ec700000)
  from space 14848K, 44% used [0x00000000ed600000,0x00000000edc78020,0x00000000ee480000)
  to   space 15360K, 0% used [0x00000000ec700000,0x00000000ec700000,0x00000000ed600000)
 ParOldGen       total 138240K, used 19676K [0x00000000a0000000, 0x00000000a8700000, 0x00000000e0000000)
  object space 138240K, 14% used [0x00000000a0000000,0x00000000a13373f0,0x00000000a8700000)
 Metaspace       used 39653K, capacity 41482K, committed 41728K, reserved 1085440K
  class space    used 5659K, capacity 6040K, committed 6144K, reserved 1048576K
Event: 6.370 GC heap after
Heap after GC invocations=17 (full 2):
 PSYoungGen      total 219136K, used 688K [0x00000000e0000000, 0x00000000efb80000, 0x0000000100000000)
  eden space 203776K, 0% used [0x00000000e0000000,0x00000000e0000000,0x00000000ec700000)
  from space 15360K, 4% used [0x00000000ec700000,0x00000000ec7ac010,0x00000000ed600000)
  to   space 14848K, 0% used [0x00000000ed600000,0x00000000ed600000,0x00000000ee480000)
 ParOldGen       total 138240K, used 26165K [0x00000000a0000000, 0x00000000a8700000, 0x00000000e0000000)
  object space 138240K, 18% used [0x00000000a0000000,0x00000000a198d410,0x00000000a8700000)
 Metaspace       used 39653K, capacity 41482K, committed 41728K, reserved 1085440K
  class space    used 5659K, capacity 6040K, committed 6144K, reserved 1048576K
}
Event: 6.496 GC heap before
{Heap before GC invocations=18 (full 2):
 PSYoungGen      total 219136K, used 204464K [0x00000000e0000000, 0x00000000efb80000, 0x0000000100000000)
  eden space 203776K, 100% used [0x00000000e0000000,0x00000000ec700000,0x00000000ec700000)
  from space 15360K, 4% used [0x00000000ec700000,0x00000000ec7ac010,0x00000000ed600000)
  to   space 14848K, 0% used [0x00000000ed600000,0x00000000ed600000,0x00000000ee480000)
 ParOldGen       total 138240K, used 26165K [0x00000000a0000000, 0x00000000a8700000, 0x00000000e0000000)
  object space 138240K, 18% used [0x00000000a0000000,0x00000000a198d410,0x00000000a8700000)
 Metaspace       used 39653K, capacity 41482K, committed 41728K, reserved 1085440K
  class space    used 5659K, capacity 6040K, committed 6144K, reserved 1048576K
Event: 6.497 GC heap after
Heap after GC invocations=18 (full 2):
 PSYoungGen      total 218624K, used 512K [0x00000000e0000000, 0x00000000efb80000, 0x0000000100000000)
  eden space 203776K, 0% used [0x00000000e0000000,0x00000000e0000000,0x00000000ec700000)
  from space 14848K, 3% used [0x00000000ed600000,0x00000000ed680000,0x00000000ee480000)
  to   space 15360K, 0% used [0x00000000ec700000,0x00000000ec700000,0x00000000ed600000)
 ParOldGen       total 138240K, used 26557K [0x00000000a0000000, 0x00000000a8700000, 0x00000000e0000000)
  object space 138240K, 19% used [0x00000000a0000000,0x00000000a19ef410,0x00000000a8700000)
 Metaspace       used 39653K, capacity 41482K, committed 41728K, reserved 1085440K
  class space    used 5659K, capacity 6040K, committed 6144K, reserved 1048576K
}
Event: 6.622 GC heap before
{Heap before GC invocations=19 (full 2):
 PSYoungGen      total 218624K, used 204288K [0x00000000e0000000, 0x00000000efb80000, 0x0000000100000000)
  eden space 203776K, 100% used [0x00000000e0000000,0x00000000ec700000,0x00000000ec700000)
  from space 14848K, 3% used [0x00000000ed600000,0x00000000ed680000,0x00000000ee480000)
  to   space 15360K, 0% used [0x00000000ec700000,0x00000000ec700000,0x00000000ed600000)
 ParOldGen       total 138240K, used 26557K [0x00000000a0000000, 0x00000000a8700000, 0x00000000e0000000)
  object space 138240K, 19% used [0x00000000a0000000,0x00000000a19ef410,0x00000000a8700000)
 Metaspace       used 39656K, capacity 41482K, committed 41728K, reserved 1085440K
  class space    used 5659K, capacity 6040K, committed 6144K, reserved 1048576K
Event: 6.624 GC heap after
Heap after GC invocations=19 (full 2):
 PSYoungGen      total 219136K, used 576K [0x00000000e0000000, 0x00000000f0f80000, 0x0000000100000000)
  eden space 203776K, 0% used [0x00000000e0000000,0x00000000e0000000,0x00000000ec700000)
  from space 15360K, 3% used [0x00000000ec700000,0x00000000ec790000,0x00000000ed600000)
  to   space 15360K, 0% used [0x00000000f0080000,0x00000000f0080000,0x00000000f0f80000)
 ParOldGen       total 138240K, used 26909K [0x00000000a0000000, 0x00000000a8700000, 0x00000000e0000000)
  object space 138240K, 19% used [0x00000000a0000000,0x00000000a1a47410,0x00000000a8700000)
 Metaspace       used 39656K, capacity 41482K, committed 41728K, reserved 1085440K
  class space    used 5659K, capacity 6040K, committed 6144K, reserved 1048576K
}
Event: 6.751 GC heap before
{Heap before GC invocations=20 (full 2):
 PSYoungGen      total 219136K, used 204352K [0x00000000e0000000, 0x00000000f0f80000, 0x0000000100000000)
  eden space 203776K, 100% used [0x00000000e0000000,0x00000000ec700000,0x00000000ec700000)
  from space 15360K, 3% used [0x00000000ec700000,0x00000000ec790000,0x00000000ed600000)
  to   space 15360K, 0% used [0x00000000f0080000,0x00000000f0080000,0x00000000f0f80000)
 ParOldGen       total 138240K, used 26909K [0x00000000a0000000, 0x00000000a8700000, 0x00000000e0000000)
  object space 138240K, 19% used [0x00000000a0000000,0x00000000a1a47410,0x00000000a8700000)
 Metaspace       used 39656K, capacity 41482K, committed 41728K, reserved 1085440K
  class space    used 5659K, capacity 6040K, committed 6144K, reserved 1048576K
Event: 6.753 GC heap after
Heap after GC invocations=20 (full 2):
 PSYoungGen      total 260608K, used 800K [0x00000000e0000000, 0x00000000f0e00000, 0x0000000100000000)
  eden space 246784K, 0% used [0x00000000e0000000,0x00000000e0000000,0x00000000ef100000)
  from space 13824K, 5% used [0x00000000f0080000,0x00000000f0148010,0x00000000f0e00000)
  to   space 14848K, 0% used [0x00000000ef100000,0x00000000ef100000,0x00000000eff80000)
 ParOldGen       total 138240K, used 27269K [0x00000000a0000000, 0x00000000a8700000, 0x00000000e0000000)
  object space 138240K, 19% used [0x00000000a0000000,0x00000000a1aa1410,0x00000000a8700000)
 Metaspace       used 39656K, capacity 41482K, committed 41728K, reserved 1085440K
  class space    used 5659K, capacity 6040K, committed 6144K, reserved 1048576K
}

